Change Component Designator: Old Designator=C? New Designator=C3
Change Component Designator: Old Designator=C? New Designator=C4
Change Component Designator: Old Designator=CD? New Designator=CD7
Change Component Designator: Old Designator=CD? New Designator=CD8
Change Component Designator: Old Designator=CD? New Designator=CD9
Change Component Designator: Old Designator=CD? New Designator=CD10
Change Component Designator: Old Designator=INE? New Designator=INE1
Change Component Designator: Old Designator=OUTE? New Designator=OUTE1
Change Component Designator: Old Designator=R? New Designator=R11
Change Component Designator: Old Designator=R? New Designator=R12
Change Component Designator: Old Designator=R? New Designator=R13
Change Component Designator: Old Designator=R? New Designator=R14
Change Component Designator: Old Designator=R? New Designator=R15
Change Component Designator: Old Designator=R? New Designator=R16
Change Component Designator: Old Designator=R? New Designator=R17
Change Component Designator: Old Designator=R? New Designator=R18
Change Component Part ID : Designator=U3 Old Part ID =1 New Part ID =2
Change Component Part ID : Designator=U3 Old Part ID =2 New Part ID =1
Change Component Designator: Old Designator=U? New Designator=U4
Change Component Designator: Old Designator=U? New Designator=U5
Change Component Designator: Old Designator=U? New Designator=U4
Change Component Designator: Old Designator=U? New Designator=U6
Change Component Part ID : Designator=U6 Old Part ID =2 New Part ID =1
