Removed Member From Class: ClassName=Esquemático Member=R9
Change Component Designator: OldDesignator=C1 NewDesignator=C2
Change Component Designator: OldDesignator=C2 NewDesignator=C1
Change Component Designator: OldDesignator=GND NewDesignator=TP4
Change Component Designator: OldDesignator=IN NewDesignator=TP1
Change Component Designator: OldDesignator=OUT NewDesignator=TP2
Change Component Designator: OldDesignator=R1 NewDesignator=R3
Change Component Designator: OldDesignator=R2 NewDesignator=R1
Change Component Designator: OldDesignator=R4 NewDesignator=R8
Change Component Designator: OldDesignator=R7 NewDesignator=R4
Change Component Designator: OldDesignator=R8 NewDesignator=R7
Change Component Designator: OldDesignator=R9 NewDesignator=R2
Change Component Designator: OldDesignator=R13 NewDesignator=R6
Change Component Designator: OldDesignator=R14 NewDesignator=R5
Change Component Designator: OldDesignator=VCC NewDesignator=TP3
Change Component Designator: OldDesignator=VEE NewDesignator=TP5
Change Net Name : Old Net Name=NetC1_1 New Net Name=NetC2_1
Change Net Name : Old Net Name=NetC1_2 New Net Name=NetC2_2
Change Net Name : Old Net Name=NetC2_1 New Net Name=NetC1_1
Change Net Name : Old Net Name=NetC2_2 New Net Name=NetC1_2
Change Net Name : Old Net Name=NetR4_1 New Net Name=NetR6_2
Added Member To Class: ClassName=Esquemático Member=Component R3 1k
Added Room: Name=Esquemático
