Added Component: Designator=C1(CAP200)
Add component. Clean all parameters for all variants
Added Component: Designator=C2(CAP200)
Add component. Clean all parameters for all variants
Added Component: Designator=CD1(CAP200)
Add component. Clean all parameters for all variants
Added Component: Designator=CD2(CAP200)
Add component. Clean all parameters for all variants
Added Component: Designator=CD3(CAP200)
Add component. Clean all parameters for all variants
Added Component: Designator=CD4(CAP200)
Add component. Clean all parameters for all variants
Added Component: Designator=CD5(CAP200)
Add component. Clean all parameters for all variants
Added Component: Designator=CD6(CAP200)
Add component. Clean all parameters for all variants
Added Component: Designator=J1(SIP7)
Add component. Clean all parameters for all variants
Added Component: Designator=J2(SIP4)
Add component. Clean all parameters for all variants
Added Component: Designator=J3(SIP4)
Add component. Clean all parameters for all variants
Added Component: Designator=R1(0805)
Add component. Clean all parameters for all variants
Added Component: Designator=R2(0805)
Add component. Clean all parameters for all variants
Added Component: Designator=R3(PRESET H)
Add component. Clean all parameters for all variants
Added Component: Designator=R4(0805)
Add component. Clean all parameters for all variants
Added Component: Designator=R5(0805)
Add component. Clean all parameters for all variants
Added Component: Designator=R7(0805)
Add component. Clean all parameters for all variants
Added Component: Designator=R8(0805)
Add component. Clean all parameters for all variants
Added Component: Designator=R9(0805)
Add component. Clean all parameters for all variants
Added Component: Designator=R13(0805)
Add component. Clean all parameters for all variants
Added Component: Designator=R14(0805)
Add component. Clean all parameters for all variants
Added Component: Designator=TP1(TPTH)
Add component. Clean all parameters for all variants
Added Component: Designator=TP2(TPTH)
Add component. Clean all parameters for all variants
Added Component: Designator=TP3(TPTH)
Add component. Clean all parameters for all variants
Added Component: Designator=TP4(TPTH)
Add component. Clean all parameters for all variants
Added Component: Designator=TP5(TPTH)
Add component. Clean all parameters for all variants
Added Component: Designator=U1(DIP8)
Add component. Clean all parameters for all variants
Added Component: Designator=U2(DIP8)
Add component. Clean all parameters for all variants
Added Component: Designator=U3(DIP8)
Add component. Clean all parameters for all variants
Added Pin To Net: NetName=1ERA CELDA Pin=TP4-1
Added Pin To Net: NetName=1ERA CELDA Pin=U3-1
Added Pin To Net: NetName=1ERA CELDA Pin=U3-2
Added Net: Name=1ERA CELDA
Added Pin To Net: NetName=GND Pin=CD1-2
Added Pin To Net: NetName=GND Pin=CD2-2
Added Pin To Net: NetName=GND Pin=CD3-2
Added Pin To Net: NetName=GND Pin=CD4-2
Added Pin To Net: NetName=GND Pin=CD5-2
Added Pin To Net: NetName=GND Pin=CD6-2
Added Pin To Net: NetName=GND Pin=J1-4
Added Pin To Net: NetName=GND Pin=J2-1
Added Pin To Net: NetName=GND Pin=J3-1
Added Pin To Net: NetName=GND Pin=U1-3
Added Pin To Net: NetName=GND Pin=U1-5
Added Pin To Net: NetName=GND Pin=U2-3
Added Pin To Net: NetName=GND Pin=U3-5
Added Net: Name=GND
Added Pin To Net: NetName=IN PLACA Pin=J2-4
Added Pin To Net: NetName=IN PLACA Pin=U3-3
Added Net: Name=IN PLACA
Added Pin To Net: NetName=in Pin=R7-1
Added Pin To Net: NetName=in Pin=R13-1
Added Pin To Net: NetName=in Pin=R14-1
Added Pin To Net: NetName=in Pin=TP1-1
Added Net: Name=in
Added Pin To Net: NetName=NetC1_1 Pin=C1-1
Added Pin To Net: NetName=NetC1_1 Pin=R9-2
Added Pin To Net: NetName=NetC1_1 Pin=R14-2
Added Pin To Net: NetName=NetC1_1 Pin=U2-2
Added Net: Name=NetC1_1
Added Pin To Net: NetName=NetC1_2 Pin=C1-2
Added Pin To Net: NetName=NetC1_2 Pin=R1-2
Added Pin To Net: NetName=NetC1_2 Pin=U2-1
Added Net: Name=NetC1_2
Added Pin To Net: NetName=NetC2_1 Pin=C2-1
Added Pin To Net: NetName=NetC2_1 Pin=R1-1
Added Pin To Net: NetName=NetC2_1 Pin=R2-1
Added Pin To Net: NetName=NetC2_1 Pin=R7-2
Added Pin To Net: NetName=NetC2_1 Pin=U1-2
Added Net: Name=NetC2_1
Added Pin To Net: NetName=NetC2_2 Pin=C2-2
Added Pin To Net: NetName=NetC2_2 Pin=R2-2
Added Pin To Net: NetName=NetC2_2 Pin=R8-1
Added Pin To Net: NetName=NetC2_2 Pin=U1-1
Added Net: Name=NetC2_2
Added Pin To Net: NetName=NetR3_3 Pin=R3-3
Added Pin To Net: NetName=NetR3_3 Pin=R3-3
Added Pin To Net: NetName=NetR3_3 Pin=R5-2
Added Pin To Net: NetName=NetR3_3 Pin=U3-6
Added Net: Name=NetR3_3
Added Pin To Net: NetName=NetR4_1 Pin=R4-1
Added Pin To Net: NetName=NetR4_1 Pin=R8-2
Added Pin To Net: NetName=NetR4_1 Pin=R13-2
Added Pin To Net: NetName=NetR4_1 Pin=U1-6
Added Net: Name=NetR4_1
Added Pin To Net: NetName=OUT ETAPA Pin=TP2-1
Added Pin To Net: NetName=OUT ETAPA Pin=U2-6
Added Pin To Net: NetName=OUT ETAPA Pin=U2-7
Added Net: Name=OUT ETAPA
Added Pin To Net: NetName=OUT PCB Pin=J3-4
Added Pin To Net: NetName=OUT PCB Pin=R3-1
Added Pin To Net: NetName=OUT PCB Pin=R3-1
Added Pin To Net: NetName=OUT PCB Pin=R3-2
Added Pin To Net: NetName=OUT PCB Pin=R3-2
Added Pin To Net: NetName=OUT PCB Pin=TP5-1
Added Pin To Net: NetName=OUT PCB Pin=U3-7
Added Net: Name=OUT PCB
Added Pin To Net: NetName=out Pin=R4-2
Added Pin To Net: NetName=out Pin=R9-1
Added Pin To Net: NetName=out Pin=U1-7
Added Pin To Net: NetName=out Pin=U2-5
Added Net: Name=out
Added Pin To Net: NetName=OUT ULTIMA ETAPA Pin=R5-1
Added Pin To Net: NetName=OUT ULTIMA ETAPA Pin=TP3-1
Added Net: Name=OUT ULTIMA ETAPA
Added Pin To Net: NetName=VCC Pin=CD4-1
Added Pin To Net: NetName=VCC Pin=CD6-1
Added Pin To Net: NetName=VCC Pin=J1-7
Added Pin To Net: NetName=VCC Pin=U1-8
Added Pin To Net: NetName=VCC Pin=U2-8
Added Pin To Net: NetName=VCC Pin=U3-8
Added Net: Name=VCC
Added Pin To Net: NetName=VEE Pin=CD1-1
Added Pin To Net: NetName=VEE Pin=CD3-1
Added Pin To Net: NetName=VEE Pin=CD5-1
Added Pin To Net: NetName=VEE Pin=J1-1
Added Pin To Net: NetName=VEE Pin=U1-4
Added Pin To Net: NetName=VEE Pin=U2-4
Added Pin To Net: NetName=VEE Pin=U3-4
Added Net: Name=VEE
Added Class: Name=Esquemático
Added Room: Name=Esquemático
