Change Component Designator: OldDesignator=GND NewDesignator=TP4
Change Component Designator: OldDesignator=IN NewDesignator=TP1
Change Component Designator: OldDesignator=OUT NewDesignator=TP2
Change Component Designator: OldDesignator=VCC NewDesignator=TP3
Change Component Designator: OldDesignator=VEE NewDesignator=TP5
Added Component: Designator=CD5(CAP200)
Add component. Clean all parameters for all variants
Added Component: Designator=CD6(CAP200)
Add component. Clean all parameters for all variants
Added Component: Designator=R9(0805)
Add component. Clean all parameters for all variants
Added Component: Designator=R10(0805)
Add component. Clean all parameters for all variants
Added Component: Designator=TP6(TPTH)
Add component. Clean all parameters for all variants
Added Component: Designator=TP7(TPTH)
Add component. Clean all parameters for all variants
Added Component: Designator=TP8(TPTH)
Add component. Clean all parameters for all variants
Added Component: Designator=TP9(TPTH)
Add component. Clean all parameters for all variants
Added Component: Designator=U3(DIP8)
Add component. Clean all parameters for all variants
Added Pin To Net: NetName=VCC Pin=CD5-1
Added Pin To Net: NetName=GND Pin=CD5-2
Added Pin To Net: NetName=VEE Pin=CD6-1
Added Pin To Net: NetName=GND Pin=CD6-2
Added Pin To Net: NetName=VEE Pin=U3-4
Added Pin To Net: NetName=GND Pin=U3-5
Added Pin To Net: NetName=VCC Pin=U3-8
Added Pin To Net: NetName=INPUT Pin=TP6-1
Added Pin To Net: NetName=INPUT Pin=U3-3
Added Net: Name=INPUT
Added Pin To Net: NetName=NetR9_1 Pin=R9-1
Added Pin To Net: NetName=NetR9_1 Pin=R10-2
Added Pin To Net: NetName=NetR9_1 Pin=U3-6
Added Net: Name=NetR9_1
Added Pin To Net: NetName=OUT E Pin=R10-1
Added Pin To Net: NetName=OUT E Pin=TP8-1
Added Net: Name=OUT E
Added Pin To Net: NetName=OUT PCB Pin=R9-2
Added Pin To Net: NetName=OUT PCB Pin=TP7-1
Added Pin To Net: NetName=OUT PCB Pin=U3-7
Added Net: Name=OUT PCB
Added Pin To Net: NetName=TO E Pin=TP9-1
Added Pin To Net: NetName=TO E Pin=U3-1
Added Pin To Net: NetName=TO E Pin=U3-2
Added Net: Name=TO E
Added Member To Class: ClassName=Esquemático Member=Component CD5 CAP
Added Member To Class: ClassName=Esquemático Member=Component CD6 CAP
Added Member To Class: ClassName=Esquemático Member=Component R2 1k5
Added Member To Class: ClassName=Esquemático Member=Component R9 RES
Added Member To Class: ClassName=Esquemático Member=Component R10 RES
Added Member To Class: ClassName=Esquemático Member=Component TP6 TP
Added Member To Class: ClassName=Esquemático Member=Component TP7 TP
Added Member To Class: ClassName=Esquemático Member=Component TP8 TP
Added Member To Class: ClassName=Esquemático Member=Component TP9 TP
Added Member To Class: ClassName=Esquemático Member=Component U3 LM833
Added Room: Name=Esquemático
