Change Component Designator: Old Designator=C? New Designator=C1
Change Component Designator: Old Designator=C? New Designator=C2
Change Component Designator: Old Designator=CD? New Designator=CD1
Change Component Designator: Old Designator=CD? New Designator=CD2
Change Component Designator: Old Designator=CD? New Designator=CD3
Change Component Designator: Old Designator=CD? New Designator=CD4
Change Component Designator: Old Designator=OUTE? New Designator=OUTE3
Change Component Designator: Old Designator=R? New Designator=R1
Change Component Designator: Old Designator=R? New Designator=R2
Change Component Designator: Old Designator=R? New Designator=R3
Change Component Designator: Old Designator=R? New Designator=R4
Change Component Designator: Old Designator=R? New Designator=R5
Change Component Designator: Old Designator=R? New Designator=R6
Change Component Designator: Old Designator=R? New Designator=R7
Change Component Designator: Old Designator=R? New Designator=R8
Change Component Designator: Old Designator=U? New Designator=U1
Change Component Designator: Old Designator=U? New Designator=U2
Change Component Designator: Old Designator=U? New Designator=U1
Change Component Designator: Old Designator=U? New Designator=U4
Change Component Part ID : Designator=U4 Old Part ID =2 New Part ID =1
